<?xml version="1.0" encoding="UTF-8"?>
<!-- Generated by org.testng.reporters.JUnitXMLReporter -->
<testsuite ignored="0" hostname="ubuntu-Inspiron-5559" failures="0" tests="7" name="Default test" time="15.175" errors="0" timestamp="2021-08-21T16:02:22 IST">
  <testcase classname="testingRestAPI.testingRestAPI" name="ContentCheck" time="6.665"/>
  <testcase classname="testingRestAPI.testingRestAPI" name="FetchData" time="1.007"/>
  <testcase classname="testingRestAPI.testingRestAPI" name="IdCheck" time="2.059"/>
  <testcase classname="testingRestAPI.testingRestAPI" name="closeTask" time="1.01"/>
  <testcase classname="testingRestAPI.testingRestAPI" name="createTask" time="1.114"/>
  <testcase classname="testingRestAPI.testingRestAPI" name="getActiveTask" time="2.338"/>
  <testcase classname="testingRestAPI.testingRestAPI" name="getInActiveTask" time="0.833"/>
</testsuite> <!-- Default test -->
