<?xml version="1.0" encoding="UTF-8"?>
<testng-results ignored="0" total="3" passed="3" failed="0" skipped="0">
  <reporter-output>
  </reporter-output>
  <suite started-at="2021-08-20T17:30:23 IST" name="Default suite" finished-at="2021-08-20T17:30:28 IST" duration-ms="5332">
    <groups>
    </groups>
    <test started-at="2021-08-20T17:30:23 IST" name="Default test" finished-at="2021-08-20T17:30:28 IST" duration-ms="5332">
      <class name="testingRestAPI.testingRestAPI">
        <test-method signature="ContentCheck()[pri:0, instance:testingRestAPI.testingRestAPI@74455848]" started-at="2021-08-20T17:30:23 IST" name="ContentCheck" finished-at="2021-08-20T17:30:26 IST" duration-ms="2955" status="PASS">
          <reporter-output>
          </reporter-output>
        </test-method> <!-- ContentCheck -->
        <test-method signature="FetchData()[pri:0, instance:testingRestAPI.testingRestAPI@74455848]" started-at="2021-08-20T17:30:26 IST" name="FetchData" finished-at="2021-08-20T17:30:26 IST" duration-ms="751" status="PASS">
          <reporter-output>
          </reporter-output>
        </test-method> <!-- FetchData -->
        <test-method signature="IdCheck()[pri:0, instance:testingRestAPI.testingRestAPI@74455848]" started-at="2021-08-20T17:30:26 IST" name="IdCheck" finished-at="2021-08-20T17:30:28 IST" duration-ms="1572" status="PASS">
          <reporter-output>
          </reporter-output>
        </test-method> <!-- IdCheck -->
      </class> <!-- testingRestAPI.testingRestAPI -->
    </test> <!-- Default test -->
  </suite> <!-- Default suite -->
</testng-results>
